0 info it worked if it ends with ok
1 verbose cli [ 'C:\\_pbin\\nodejs\\node.exe',
1 verbose cli   'C:\\_pbin\\nodejs\\node_modules\\npm\\bin\\npm-cli.js',
1 verbose cli   'start' ]
2 info using npm@3.10.9
3 info using node@v7.2.0
4 verbose run-script [ 'prestart', 'start', 'poststart' ]
5 info lifecycle pulltablo@1.0.0~prestart: pulltablo@1.0.0
6 silly lifecycle pulltablo@1.0.0~prestart: no script for prestart, continuing
7 info lifecycle pulltablo@1.0.0~start: pulltablo@1.0.0
8 verbose lifecycle pulltablo@1.0.0~start: unsafe-perm in lifecycle true
9 verbose lifecycle pulltablo@1.0.0~start: PATH: C:\_pbin\nodejs\node_modules\npm\bin\node-gyp-bin;C:\_pbin\pulltablo\node_modules\.bin;C:\Program Files\Haskell\bin;C:\hs\_Haskell Platform\8.0.1\lib\extralibs\bin;C:\hs\_Haskell Platform\8.0.1\bin;C:\ProgramData\Oracle\Java\javapath;C:\APPs\ActiveState Komodo IDE 9\;D:\pybin\Python27\;D:\pybin\Python27\Scripts;C:\windows\system32;C:\windows;C:\windows\system32\wbem;C:\windows\system32\windowspowershell\v1.0\;c:\program files\widcomm\bluetooth software\;c:\program files\trend micro\amsp;c:\android\android-sdk\tools;c:\android\android-sdk\platform-tools;c:\program files\skype\phone\;c:\program files\ibm\gsk8\lib;C:\scala\_bin\bin;C:\hs\_Haskell Platform\8.0.1\mingw\bin;C:\Lisp\SBCL-1.3.10\;C:\_pbin\nodejs\;C:\_pbin\Go\bin;C:\Users\user20110226\AppData\Roaming\npm;C:\_pbin\Git\cmd
10 verbose lifecycle pulltablo@1.0.0~start: CWD: C:\_pbin\pulltablo
11 silly lifecycle pulltablo@1.0.0~start: Args: [ '/d /s /c', 'gulp' ]
12 silly lifecycle pulltablo@1.0.0~start: Returned: code: 3221225786  signal: null
13 info lifecycle pulltablo@1.0.0~start: Failed to exec start script
14 verbose stack Error: pulltablo@1.0.0 start: `gulp`
14 verbose stack Exit status 3221225786
14 verbose stack     at EventEmitter.<anonymous> (C:\_pbin\nodejs\node_modules\npm\lib\utils\lifecycle.js:255:16)
14 verbose stack     at emitTwo (events.js:106:13)
14 verbose stack     at EventEmitter.emit (events.js:191:7)
14 verbose stack     at ChildProcess.<anonymous> (C:\_pbin\nodejs\node_modules\npm\lib\utils\spawn.js:40:14)
14 verbose stack     at emitTwo (events.js:106:13)
14 verbose stack     at ChildProcess.emit (events.js:191:7)
14 verbose stack     at maybeClose (internal/child_process.js:885:16)
14 verbose stack     at Process.ChildProcess._handle.onexit (internal/child_process.js:226:5)
15 verbose pkgid pulltablo@1.0.0
16 verbose cwd C:\_pbin\pulltablo
17 error Windows_NT 6.1.7601
18 error argv "C:\\_pbin\\nodejs\\node.exe" "C:\\_pbin\\nodejs\\node_modules\\npm\\bin\\npm-cli.js" "start"
19 error node v7.2.0
20 error npm  v3.10.9
21 error code ELIFECYCLE
22 error pulltablo@1.0.0 start: `gulp`
22 error Exit status 3221225786
23 error Failed at the pulltablo@1.0.0 start script 'gulp'.
23 error Make sure you have the latest version of node.js and npm installed.
23 error If you do, this is most likely a problem with the pulltablo package,
23 error not with npm itself.
23 error Tell the author that this fails on your system:
23 error     gulp
23 error You can get information on how to open an issue for this project with:
23 error     npm bugs pulltablo
23 error Or if that isn't available, you can get their info via:
23 error     npm owner ls pulltablo
23 error There is likely additional logging output above.
24 verbose exit [ 1, true ]
